
  .   ____          _            __ _ _
 /\\ / ___'_ __ _ _(_)_ __  __ _ \ \ \ \
( ( )\___ | '_ | '_| | '_ \/ _` | \ \ \ \
 \\/  ___)| |_)| | | | | || (_| |  ) ) ) )
  '  |____| .__|_| |_|_| |_\__, | / / / /
 =========|_|==============|___/=/_/_/_/
 :: Spring Boot ::                (v2.5.4)

2021-09-25 20:46:32.426  INFO 5623 --- [           main] com.judgeserver.oj.OjApplication         : Starting OjApplication v0.0.1-SNAPSHOT using Java 1.8.0_292 on ubuntu with PID 5623 (/home/et/Desktop/Projects/unioj-judger/fileserver/oj-0.0.1-SNAPSHOT.jar started by et in /home/et/Desktop/Projects/unioj-judger/fileserver)
2021-09-25 20:46:32.428  INFO 5623 --- [           main] com.judgeserver.oj.OjApplication         : No active profile set, falling back to default profiles: default
2021-09-25 20:46:34.063  INFO 5623 --- [           main] o.s.b.w.embedded.tomcat.TomcatWebServer  : Tomcat initialized with port(s): 8081 (http)
2021-09-25 20:46:34.077  INFO 5623 --- [           main] o.apache.catalina.core.StandardService   : Starting service [Tomcat]
2021-09-25 20:46:34.078  INFO 5623 --- [           main] org.apache.catalina.core.StandardEngine  : Starting Servlet engine: [Apache Tomcat/9.0.52]
2021-09-25 20:46:34.183  INFO 5623 --- [           main] o.a.c.c.C.[Tomcat].[localhost].[/]       : Initializing Spring embedded WebApplicationContext
2021-09-25 20:46:34.183  INFO 5623 --- [           main] w.s.c.ServletWebServerApplicationContext : Root WebApplicationContext: initialization completed in 1694 ms
 _ _   |_  _ _|_. ___ _ |    _ 
| | |\/|_)(_| | |_\  |_)||_|_\ 
     /               |         
                        3.3.1 
2021-09-25 20:46:35.091  INFO 5623 --- [           main] pertySourcedRequestMappingHandlerMapping : Mapped URL path [/v2/api-docs] onto method [springfox.documentation.swagger2.web.Swagger2Controller#getDocumentation(String, HttpServletRequest)]
2021-09-25 20:46:35.425  WARN 5623 --- [           main] ion$DefaultTemplateResolverConfiguration : Cannot find template location: classpath:/templates/ (please add some templates or check your Thymeleaf configuration)
2021-09-25 20:46:35.554  INFO 5623 --- [           main] o.s.b.w.embedded.tomcat.TomcatWebServer  : Tomcat started on port(s): 8081 (http) with context path ''
2021-09-25 20:46:35.555  INFO 5623 --- [           main] d.s.w.p.DocumentationPluginsBootstrapper : Context refreshed
2021-09-25 20:46:35.579  INFO 5623 --- [           main] d.s.w.p.DocumentationPluginsBootstrapper : Found 1 custom documentation plugin(s)
2021-09-25 20:46:35.633  INFO 5623 --- [           main] s.d.s.w.s.ApiListingReferenceScanner     : Scanning for api listing references
2021-09-25 20:46:35.716  INFO 5623 --- [           main] .d.s.w.r.o.CachingOperationNameGenerator : Generating unique operation named: addOneUsingPOST_1
2021-09-25 20:46:35.719  INFO 5623 --- [           main] .d.s.w.r.o.CachingOperationNameGenerator : Generating unique operation named: addOneUsingPOST_2
2021-09-25 20:46:35.722  INFO 5623 --- [           main] .d.s.w.r.o.CachingOperationNameGenerator : Generating unique operation named: addOneUsingPOST_3
2021-09-25 20:46:35.724  INFO 5623 --- [           main] .d.s.w.r.o.CachingOperationNameGenerator : Generating unique operation named: addOneUsingPOST_4
2021-09-25 20:46:35.727  INFO 5623 --- [           main] .d.s.w.r.o.CachingOperationNameGenerator : Generating unique operation named: addOneUsingPOST_5
2021-09-25 20:46:35.729  INFO 5623 --- [           main] .d.s.w.r.o.CachingOperationNameGenerator : Generating unique operation named: addOneUsingPOST_6
2021-09-25 20:46:35.732  INFO 5623 --- [           main] .d.s.w.r.o.CachingOperationNameGenerator : Generating unique operation named: addOneUsingPOST_7
2021-09-25 20:46:35.756  INFO 5623 --- [           main] .d.s.w.r.o.CachingOperationNameGenerator : Generating unique operation named: deleteOneUsingGET_1
2021-09-25 20:46:35.758  INFO 5623 --- [           main] .d.s.w.r.o.CachingOperationNameGenerator : Generating unique operation named: deleteOneUsingGET_2
2021-09-25 20:46:35.760  INFO 5623 --- [           main] .d.s.w.r.o.CachingOperationNameGenerator : Generating unique operation named: deleteOneUsingGET_3
2021-09-25 20:46:35.762  INFO 5623 --- [           main] .d.s.w.r.o.CachingOperationNameGenerator : Generating unique operation named: deleteOneUsingGET_4
2021-09-25 20:46:35.765  INFO 5623 --- [           main] .d.s.w.r.o.CachingOperationNameGenerator : Generating unique operation named: deleteOneUsingGET_5
2021-09-25 20:46:35.767  INFO 5623 --- [           main] .d.s.w.r.o.CachingOperationNameGenerator : Generating unique operation named: deleteOneUsingGET_6
2021-09-25 20:46:35.768  INFO 5623 --- [           main] .d.s.w.r.o.CachingOperationNameGenerator : Generating unique operation named: deleteOneUsingGET_7
2021-09-25 20:46:35.773  INFO 5623 --- [           main] .d.s.w.r.o.CachingOperationNameGenerator : Generating unique operation named: getCaseMsgByPidUsingPOST_1
2021-09-25 20:46:35.775  INFO 5623 --- [           main] .d.s.w.r.o.CachingOperationNameGenerator : Generating unique operation named: getCaseMsgByPidUsingPOST_2
2021-09-25 20:46:35.777  INFO 5623 --- [           main] .d.s.w.r.o.CachingOperationNameGenerator : Generating unique operation named: getCaseMsgByPidUsingPOST_3
2021-09-25 20:46:35.778  INFO 5623 --- [           main] .d.s.w.r.o.CachingOperationNameGenerator : Generating unique operation named: getCaseMsgByPidUsingPOST_4
2021-09-25 20:46:35.780  INFO 5623 --- [           main] .d.s.w.r.o.CachingOperationNameGenerator : Generating unique operation named: getCaseMsgByPidUsingPOST_5
2021-09-25 20:46:35.782  INFO 5623 --- [           main] .d.s.w.r.o.CachingOperationNameGenerator : Generating unique operation named: getCaseMsgByPidUsingPOST_6
2021-09-25 20:46:35.783  INFO 5623 --- [           main] .d.s.w.r.o.CachingOperationNameGenerator : Generating unique operation named: getCaseMsgByPidUsingPOST_7
2021-09-25 20:46:35.788  INFO 5623 --- [           main] .d.s.w.r.o.CachingOperationNameGenerator : Generating unique operation named: updateOneUsingPOST_1
2021-09-25 20:46:35.790  INFO 5623 --- [           main] .d.s.w.r.o.CachingOperationNameGenerator : Generating unique operation named: updateOneUsingPOST_2
2021-09-25 20:46:35.792  INFO 5623 --- [           main] .d.s.w.r.o.CachingOperationNameGenerator : Generating unique operation named: updateOneUsingPOST_3
2021-09-25 20:46:35.793  INFO 5623 --- [           main] .d.s.w.r.o.CachingOperationNameGenerator : Generating unique operation named: updateOneUsingPOST_4
2021-09-25 20:46:35.795  INFO 5623 --- [           main] .d.s.w.r.o.CachingOperationNameGenerator : Generating unique operation named: updateOneUsingPOST_5
2021-09-25 20:46:35.796  INFO 5623 --- [           main] .d.s.w.r.o.CachingOperationNameGenerator : Generating unique operation named: updateOneUsingPOST_6
2021-09-25 20:46:35.799  INFO 5623 --- [           main] .d.s.w.r.o.CachingOperationNameGenerator : Generating unique operation named: updateOneUsingPOST_7
2021-09-25 20:46:35.815  INFO 5623 --- [           main] .d.s.w.r.o.CachingOperationNameGenerator : Generating unique operation named: addCaseUsingPOST_1
2021-09-25 20:46:35.818  INFO 5623 --- [           main] .d.s.w.r.o.CachingOperationNameGenerator : Generating unique operation named: addCaseUsingPOST_2
2021-09-25 20:46:35.821  INFO 5623 --- [           main] .d.s.w.r.o.CachingOperationNameGenerator : Generating unique operation named: addCaseUsingPOST_3
2021-09-25 20:46:35.824  INFO 5623 --- [           main] .d.s.w.r.o.CachingOperationNameGenerator : Generating unique operation named: addCaseUsingPOST_4
2021-09-25 20:46:35.826  INFO 5623 --- [           main] .d.s.w.r.o.CachingOperationNameGenerator : Generating unique operation named: addCaseUsingPOST_5
2021-09-25 20:46:35.829  INFO 5623 --- [           main] .d.s.w.r.o.CachingOperationNameGenerator : Generating unique operation named: addCaseUsingPOST_6
2021-09-25 20:46:35.832  INFO 5623 --- [           main] .d.s.w.r.o.CachingOperationNameGenerator : Generating unique operation named: addCaseUsingPOST_7
2021-09-25 20:46:35.835  INFO 5623 --- [           main] .d.s.w.r.o.CachingOperationNameGenerator : Generating unique operation named: addMultipleCaseUsingPOST_1
2021-09-25 20:46:35.837  INFO 5623 --- [           main] .d.s.w.r.o.CachingOperationNameGenerator : Generating unique operation named: addMultipleCaseUsingPOST_2
2021-09-25 20:46:35.838  INFO 5623 --- [           main] .d.s.w.r.o.CachingOperationNameGenerator : Generating unique operation named: addMultipleCaseUsingPOST_3
2021-09-25 20:46:35.839  INFO 5623 --- [           main] .d.s.w.r.o.CachingOperationNameGenerator : Generating unique operation named: addMultipleCaseUsingPOST_4
2021-09-25 20:46:35.840  INFO 5623 --- [           main] .d.s.w.r.o.CachingOperationNameGenerator : Generating unique operation named: addMultipleCaseUsingPOST_5
2021-09-25 20:46:35.842  INFO 5623 --- [           main] .d.s.w.r.o.CachingOperationNameGenerator : Generating unique operation named: addMultipleCaseUsingPOST_6
2021-09-25 20:46:35.844  INFO 5623 --- [           main] .d.s.w.r.o.CachingOperationNameGenerator : Generating unique operation named: addMultipleCaseUsingPOST_7
2021-09-25 20:46:35.848  INFO 5623 --- [           main] .d.s.w.r.o.CachingOperationNameGenerator : Generating unique operation named: deleteCaseUsingPOST_1
2021-09-25 20:46:35.849  INFO 5623 --- [           main] .d.s.w.r.o.CachingOperationNameGenerator : Generating unique operation named: deleteCaseUsingPOST_2
2021-09-25 20:46:35.850  INFO 5623 --- [           main] .d.s.w.r.o.CachingOperationNameGenerator : Generating unique operation named: deleteCaseUsingPOST_3
2021-09-25 20:46:35.851  INFO 5623 --- [           main] .d.s.w.r.o.CachingOperationNameGenerator : Generating unique operation named: deleteCaseUsingPOST_4
2021-09-25 20:46:35.853  INFO 5623 --- [           main] .d.s.w.r.o.CachingOperationNameGenerator : Generating unique operation named: deleteCaseUsingPOST_5
2021-09-25 20:46:35.854  INFO 5623 --- [           main] .d.s.w.r.o.CachingOperationNameGenerator : Generating unique operation named: deleteCaseUsingPOST_6
2021-09-25 20:46:35.855  INFO 5623 --- [           main] .d.s.w.r.o.CachingOperationNameGenerator : Generating unique operation named: deleteCaseUsingPOST_7
2021-09-25 20:46:35.857  INFO 5623 --- [           main] .d.s.w.r.o.CachingOperationNameGenerator : Generating unique operation named: queryCaseUsingPOST_1
2021-09-25 20:46:35.858  INFO 5623 --- [           main] .d.s.w.r.o.CachingOperationNameGenerator : Generating unique operation named: queryCaseUsingPOST_2
2021-09-25 20:46:35.859  INFO 5623 --- [           main] .d.s.w.r.o.CachingOperationNameGenerator : Generating unique operation named: queryCaseUsingPOST_3
2021-09-25 20:46:35.860  INFO 5623 --- [           main] .d.s.w.r.o.CachingOperationNameGenerator : Generating unique operation named: queryCaseUsingPOST_4
2021-09-25 20:46:35.861  INFO 5623 --- [           main] .d.s.w.r.o.CachingOperationNameGenerator : Generating unique operation named: queryCaseUsingPOST_5
2021-09-25 20:46:35.862  INFO 5623 --- [           main] .d.s.w.r.o.CachingOperationNameGenerator : Generating unique operation named: queryCaseUsingPOST_6
2021-09-25 20:46:35.863  INFO 5623 --- [           main] .d.s.w.r.o.CachingOperationNameGenerator : Generating unique operation named: queryCaseUsingPOST_7
2021-09-25 20:46:35.866  INFO 5623 --- [           main] .d.s.w.r.o.CachingOperationNameGenerator : Generating unique operation named: updateCaseUsingPOST_1
2021-09-25 20:46:35.868  INFO 5623 --- [           main] .d.s.w.r.o.CachingOperationNameGenerator : Generating unique operation named: updateCaseUsingPOST_2
2021-09-25 20:46:35.870  INFO 5623 --- [           main] .d.s.w.r.o.CachingOperationNameGenerator : Generating unique operation named: updateCaseUsingPOST_3
2021-09-25 20:46:35.871  INFO 5623 --- [           main] .d.s.w.r.o.CachingOperationNameGenerator : Generating unique operation named: updateCaseUsingPOST_4
2021-09-25 20:46:35.873  INFO 5623 --- [           main] .d.s.w.r.o.CachingOperationNameGenerator : Generating unique operation named: updateCaseUsingPOST_5
2021-09-25 20:46:35.874  INFO 5623 --- [           main] .d.s.w.r.o.CachingOperationNameGenerator : Generating unique operation named: updateCaseUsingPOST_6
2021-09-25 20:46:35.875  INFO 5623 --- [           main] .d.s.w.r.o.CachingOperationNameGenerator : Generating unique operation named: updateCaseUsingPOST_7
2021-09-25 20:46:35.897  INFO 5623 --- [           main] com.judgeserver.oj.OjApplication         : Started OjApplication in 4.04 seconds (JVM running for 4.515)
2021-09-25 20:47:21.207  INFO 5623 --- [nio-8081-exec-1] o.a.c.c.C.[Tomcat].[localhost].[/]       : Initializing Spring DispatcherServlet 'dispatcherServlet'
2021-09-25 20:47:21.207  INFO 5623 --- [nio-8081-exec-1] o.s.web.servlet.DispatcherServlet        : Initializing Servlet 'dispatcherServlet'
2021-09-25 20:47:21.209  INFO 5623 --- [nio-8081-exec-1] o.s.web.servlet.DispatcherServlet        : Completed initialization in 2 ms
2021-09-25 20:47:21.264  INFO 5623 --- [nio-8081-exec-1] com.zaxxer.hikari.HikariDataSource       : HikariPool-1 - Starting...
2021-09-25 20:47:22.607 ERROR 5623 --- [nio-8081-exec-1] com.zaxxer.hikari.pool.HikariPool        : HikariPool-1 - Exception during pool initialization.

com.mysql.cj.jdbc.exceptions.CommunicationsException: Communications link failure

The last packet sent successfully to the server was 0 milliseconds ago. The driver has not received any packets from the server.
	at com.mysql.cj.jdbc.exceptions.SQLError.createCommunicationsException(SQLError.java:174) ~[mysql-connector-java-8.0.17.jar!/:8.0.17]
	at com.mysql.cj.jdbc.exceptions.SQLExceptionsMapping.translateException(SQLExceptionsMapping.java:64) ~[mysql-connector-java-8.0.17.jar!/:8.0.17]
	at com.mysql.cj.jdbc.ConnectionImpl.createNewIO(ConnectionImpl.java:827) ~[mysql-connector-java-8.0.17.jar!/:8.0.17]
	at com.mysql.cj.jdbc.ConnectionImpl.<init>(ConnectionImpl.java:447) ~[mysql-connector-java-8.0.17.jar!/:8.0.17]
	at com.mysql.cj.jdbc.ConnectionImpl.getInstance(ConnectionImpl.java:237) ~[mysql-connector-java-8.0.17.jar!/:8.0.17]
	at com.mysql.cj.jdbc.NonRegisteringDriver.connect(NonRegisteringDriver.java:199) ~[mysql-connector-java-8.0.17.jar!/:8.0.17]
	at com.zaxxer.hikari.util.DriverDataSource.getConnection(DriverDataSource.java:138) ~[HikariCP-4.0.3.jar!/:na]
	at com.zaxxer.hikari.pool.PoolBase.newConnection(PoolBase.java:364) ~[HikariCP-4.0.3.jar!/:na]
	at com.zaxxer.hikari.pool.PoolBase.newPoolEntry(PoolBase.java:206) ~[HikariCP-4.0.3.jar!/:na]
	at com.zaxxer.hikari.pool.HikariPool.createPoolEntry(HikariPool.java:476) [HikariCP-4.0.3.jar!/:na]
	at com.zaxxer.hikari.pool.HikariPool.checkFailFast(HikariPool.java:561) [HikariCP-4.0.3.jar!/:na]
	at com.zaxxer.hikari.pool.HikariPool.<init>(HikariPool.java:115) [HikariCP-4.0.3.jar!/:na]
	at com.zaxxer.hikari.HikariDataSource.getConnection(HikariDataSource.java:112) [HikariCP-4.0.3.jar!/:na]
	at org.springframework.jdbc.datasource.DataSourceUtils.fetchConnection(DataSourceUtils.java:158) [spring-jdbc-5.3.9.jar!/:5.3.9]
	at org.springframework.jdbc.datasource.DataSourceUtils.doGetConnection(DataSourceUtils.java:116) [spring-jdbc-5.3.9.jar!/:5.3.9]
	at org.springframework.jdbc.datasource.DataSourceUtils.getConnection(DataSourceUtils.java:79) [spring-jdbc-5.3.9.jar!/:5.3.9]
	at org.mybatis.spring.transaction.SpringManagedTransaction.openConnection(SpringManagedTransaction.java:80) [mybatis-spring-2.0.3.jar!/:2.0.3]
	at org.mybatis.spring.transaction.SpringManagedTransaction.getConnection(SpringManagedTransaction.java:67) [mybatis-spring-2.0.3.jar!/:2.0.3]
	at org.apache.ibatis.executor.BaseExecutor.getConnection(BaseExecutor.java:336) [mybatis-3.5.3.jar!/:3.5.3]
	at com.baomidou.mybatisplus.core.executor.MybatisSimpleExecutor.prepareStatement(MybatisSimpleExecutor.java:91) [mybatis-plus-core-3.3.1.jar!/:3.3.1]
	at com.baomidou.mybatisplus.core.executor.MybatisSimpleExecutor.doQuery(MybatisSimpleExecutor.java:66) [mybatis-plus-core-3.3.1.jar!/:3.3.1]
	at org.apache.ibatis.executor.BaseExecutor.queryFromDatabase(BaseExecutor.java:324) [mybatis-3.5.3.jar!/:3.5.3]
	at org.apache.ibatis.executor.BaseExecutor.query(BaseExecutor.java:156) [mybatis-3.5.3.jar!/:3.5.3]
	at com.baomidou.mybatisplus.core.executor.MybatisCachingExecutor.query(MybatisCachingExecutor.java:163) [mybatis-plus-core-3.3.1.jar!/:3.3.1]
	at com.baomidou.mybatisplus.core.executor.MybatisCachingExecutor.query(MybatisCachingExecutor.java:90) [mybatis-plus-core-3.3.1.jar!/:3.3.1]
	at org.apache.ibatis.session.defaults.DefaultSqlSession.selectList(DefaultSqlSession.java:147) [mybatis-3.5.3.jar!/:3.5.3]
	at org.apache.ibatis.session.defaults.DefaultSqlSession.selectList(DefaultSqlSession.java:140) [mybatis-3.5.3.jar!/:3.5.3]
	at sun.reflect.NativeMethodAccessorImpl.invoke0(Native Method) ~[na:1.8.0_292]
	at sun.reflect.NativeMethodAccessorImpl.invoke(NativeMethodAccessorImpl.java:62) ~[na:1.8.0_292]
	at sun.reflect.DelegatingMethodAccessorImpl.invoke(DelegatingMethodAccessorImpl.java:43) ~[na:1.8.0_292]
	at java.lang.reflect.Method.invoke(Method.java:498) ~[na:1.8.0_292]
	at org.mybatis.spring.SqlSessionTemplate$SqlSessionInterceptor.invoke(SqlSessionTemplate.java:426) [mybatis-spring-2.0.3.jar!/:2.0.3]
	at com.sun.proxy.$Proxy72.selectList(Unknown Source) [na:na]
	at org.mybatis.spring.SqlSessionTemplate.selectList(SqlSessionTemplate.java:223) [mybatis-spring-2.0.3.jar!/:2.0.3]
	at com.baomidou.mybatisplus.core.override.MybatisMapperMethod.executeForMany(MybatisMapperMethod.java:177) [mybatis-plus-core-3.3.1.jar!/:3.3.1]
	at com.baomidou.mybatisplus.core.override.MybatisMapperMethod.execute(MybatisMapperMethod.java:78) [mybatis-plus-core-3.3.1.jar!/:3.3.1]
	at com.baomidou.mybatisplus.core.override.MybatisMapperProxy.invoke(MybatisMapperProxy.java:96) [mybatis-plus-core-3.3.1.jar!/:3.3.1]
	at com.sun.proxy.$Proxy73.getCaseMsgByPid(Unknown Source) [na:na]
	at com.judgeserver.oj.service.Impl.QuestionServiceImpl.getCaseMsgByPid(QuestionServiceImpl.java:41) [classes!/:0.0.1-SNAPSHOT]
	at com.judgeserver.oj.controller.QuestionController.getCaseMsgByPid(QuestionController.java:35) [classes!/:0.0.1-SNAPSHOT]
	at sun.reflect.NativeMethodAccessorImpl.invoke0(Native Method) ~[na:1.8.0_292]
	at sun.reflect.NativeMethodAccessorImpl.invoke(NativeMethodAccessorImpl.java:62) ~[na:1.8.0_292]
	at sun.reflect.DelegatingMethodAccessorImpl.invoke(DelegatingMethodAccessorImpl.java:43) ~[na:1.8.0_292]
	at java.lang.reflect.Method.invoke(Method.java:498) ~[na:1.8.0_292]
	at org.springframework.web.method.support.InvocableHandlerMethod.doInvoke(InvocableHandlerMethod.java:197) [spring-web-5.3.9.jar!/:5.3.9]
	at org.springframework.web.method.support.InvocableHandlerMethod.invokeForRequest(InvocableHandlerMethod.java:141) [spring-web-5.3.9.jar!/:5.3.9]
	at org.springframework.web.servlet.mvc.method.annotation.ServletInvocableHandlerMethod.invokeAndHandle(ServletInvocableHandlerMethod.java:106) [spring-webmvc-5.3.9.jar!/:5.3.9]
	at org.springframework.web.servlet.mvc.method.annotation.RequestMappingHandlerAdapter.invokeHandlerMethod(RequestMappingHandlerAdapter.java:895) [spring-webmvc-5.3.9.jar!/:5.3.9]
	at org.springframework.web.servlet.mvc.method.annotation.RequestMappingHandlerAdapter.handleInternal(RequestMappingHandlerAdapter.java:808) [spring-webmvc-5.3.9.jar!/:5.3.9]
	at org.springframework.web.servlet.mvc.method.AbstractHandlerMethodAdapter.handle(AbstractHandlerMethodAdapter.java:87) [spring-webmvc-5.3.9.jar!/:5.3.9]
	at org.springframework.web.servlet.DispatcherServlet.doDispatch(DispatcherServlet.java:1064) [spring-webmvc-5.3.9.jar!/:5.3.9]
	at org.springframework.web.servlet.DispatcherServlet.doService(DispatcherServlet.java:963) [spring-webmvc-5.3.9.jar!/:5.3.9]
	at org.springframework.web.servlet.FrameworkServlet.processRequest(FrameworkServlet.java:1006) [spring-webmvc-5.3.9.jar!/:5.3.9]
	at org.springframework.web.servlet.FrameworkServlet.doGet(FrameworkServlet.java:898) [spring-webmvc-5.3.9.jar!/:5.3.9]
	at javax.servlet.http.HttpServlet.service(HttpServlet.java:655) [tomcat-embed-core-9.0.52.jar!/:na]
	at org.springframework.web.servlet.FrameworkServlet.service(FrameworkServlet.java:883) [spring-webmvc-5.3.9.jar!/:5.3.9]
	at javax.servlet.http.HttpServlet.service(HttpServlet.java:764) [tomcat-embed-core-9.0.52.jar!/:na]
	at org.apache.catalina.core.ApplicationFilterChain.internalDoFilter(ApplicationFilterChain.java:227) [tomcat-embed-core-9.0.52.jar!/:na]
	at org.apache.catalina.core.ApplicationFilterChain.doFilter(ApplicationFilterChain.java:162) [tomcat-embed-core-9.0.52.jar!/:na]
	at org.apache.tomcat.websocket.server.WsFilter.doFilter(WsFilter.java:53) [tomcat-embed-websocket-9.0.52.jar!/:na]
	at org.apache.catalina.core.ApplicationFilterChain.internalDoFilter(ApplicationFilterChain.java:189) [tomcat-embed-core-9.0.52.jar!/:na]
	at org.apache.catalina.core.ApplicationFilterChain.doFilter(ApplicationFilterChain.java:162) [tomcat-embed-core-9.0.52.jar!/:na]
	at org.springframework.web.filter.RequestContextFilter.doFilterInternal(RequestContextFilter.java:100) [spring-web-5.3.9.jar!/:5.3.9]
	at org.springframework.web.filter.OncePerRequestFilter.doFilter(OncePerRequestFilter.java:119) [spring-web-5.3.9.jar!/:5.3.9]
	at org.apache.catalina.core.ApplicationFilterChain.internalDoFilter(ApplicationFilterChain.java:189) [tomcat-embed-core-9.0.52.jar!/:na]
	at org.apache.catalina.core.ApplicationFilterChain.doFilter(ApplicationFilterChain.java:162) [tomcat-embed-core-9.0.52.jar!/:na]
	at org.springframework.web.filter.FormContentFilter.doFilterInternal(FormContentFilter.java:93) [spring-web-5.3.9.jar!/:5.3.9]
	at org.springframework.web.filter.OncePerRequestFilter.doFilter(OncePerRequestFilter.java:119) [spring-web-5.3.9.jar!/:5.3.9]
	at org.apache.catalina.core.ApplicationFilterChain.internalDoFilter(ApplicationFilterChain.java:189) [tomcat-embed-core-9.0.52.jar!/:na]
	at org.apache.catalina.core.ApplicationFilterChain.doFilter(ApplicationFilterChain.java:162) [tomcat-embed-core-9.0.52.jar!/:na]
	at org.springframework.web.filter.CharacterEncodingFilter.doFilterInternal(CharacterEncodingFilter.java:201) [spring-web-5.3.9.jar!/:5.3.9]
	at org.springframework.web.filter.OncePerRequestFilter.doFilter(OncePerRequestFilter.java:119) [spring-web-5.3.9.jar!/:5.3.9]
	at org.apache.catalina.core.ApplicationFilterChain.internalDoFilter(ApplicationFilterChain.java:189) [tomcat-embed-core-9.0.52.jar!/:na]
	at org.apache.catalina.core.ApplicationFilterChain.doFilter(ApplicationFilterChain.java:162) [tomcat-embed-core-9.0.52.jar!/:na]
	at org.apache.catalina.core.StandardWrapperValve.invoke(StandardWrapperValve.java:197) [tomcat-embed-core-9.0.52.jar!/:na]
	at org.apache.catalina.core.StandardContextValve.invoke(StandardContextValve.java:97) [tomcat-embed-core-9.0.52.jar!/:na]
	at org.apache.catalina.authenticator.AuthenticatorBase.invoke(AuthenticatorBase.java:542) [tomcat-embed-core-9.0.52.jar!/:na]
	at org.apache.catalina.core.StandardHostValve.invoke(StandardHostValve.java:135) [tomcat-embed-core-9.0.52.jar!/:na]
	at org.apache.catalina.valves.ErrorReportValve.invoke(ErrorReportValve.java:92) [tomcat-embed-core-9.0.52.jar!/:na]
	at org.apache.catalina.core.StandardEngineValve.invoke(StandardEngineValve.java:78) [tomcat-embed-core-9.0.52.jar!/:na]
	at org.apache.catalina.connector.CoyoteAdapter.service(CoyoteAdapter.java:357) [tomcat-embed-core-9.0.52.jar!/:na]
	at org.apache.coyote.http11.Http11Processor.service(Http11Processor.java:382) [tomcat-embed-core-9.0.52.jar!/:na]
	at org.apache.coyote.AbstractProcessorLight.process(AbstractProcessorLight.java:65) [tomcat-embed-core-9.0.52.jar!/:na]
	at org.apache.coyote.AbstractProtocol$ConnectionHandler.process(AbstractProtocol.java:893) [tomcat-embed-core-9.0.52.jar!/:na]
	at org.apache.tomcat.util.net.NioEndpoint$SocketProcessor.doRun(NioEndpoint.java:1726) [tomcat-embed-core-9.0.52.jar!/:na]
	at org.apache.tomcat.util.net.SocketProcessorBase.run(SocketProcessorBase.java:49) [tomcat-embed-core-9.0.52.jar!/:na]
	at org.apache.tomcat.util.threads.ThreadPoolExecutor.runWorker(ThreadPoolExecutor.java:1191) [tomcat-embed-core-9.0.52.jar!/:na]
	at org.apache.tomcat.util.threads.ThreadPoolExecutor$Worker.run(ThreadPoolExecutor.java:659) [tomcat-embed-core-9.0.52.jar!/:na]
	at org.apache.tomcat.util.threads.TaskThread$WrappingRunnable.run(TaskThread.java:61) [tomcat-embed-core-9.0.52.jar!/:na]
	at java.lang.Thread.run(Thread.java:748) [na:1.8.0_292]
Caused by: com.mysql.cj.exceptions.CJCommunicationsException: Communications link failure

The last packet sent successfully to the server was 0 milliseconds ago. The driver has not received any packets from the server.
	at sun.reflect.NativeConstructorAccessorImpl.newInstance0(Native Method) ~[na:1.8.0_292]
	at sun.reflect.NativeConstructorAccessorImpl.newInstance(NativeConstructorAccessorImpl.java:62) ~[na:1.8.0_292]
	at sun.reflect.DelegatingConstructorAccessorImpl.newInstance(DelegatingConstructorAccessorImpl.java:45) ~[na:1.8.0_292]
	at java.lang.reflect.Constructor.newInstance(Constructor.java:423) ~[na:1.8.0_292]
	at com.mysql.cj.exceptions.ExceptionFactory.createException(ExceptionFactory.java:61) ~[mysql-connector-java-8.0.17.jar!/:8.0.17]
	at com.mysql.cj.exceptions.ExceptionFactory.createException(ExceptionFactory.java:105) ~[mysql-connector-java-8.0.17.jar!/:8.0.17]
	at com.mysql.cj.exceptions.ExceptionFactory.createException(ExceptionFactory.java:151) ~[mysql-connector-java-8.0.17.jar!/:8.0.17]
	at com.mysql.cj.exceptions.ExceptionFactory.createCommunicationsException(ExceptionFactory.java:167) ~[mysql-connector-java-8.0.17.jar!/:8.0.17]
	at com.mysql.cj.protocol.a.NativeProtocol.negotiateSSLConnection(NativeProtocol.java:340) ~[mysql-connector-java-8.0.17.jar!/:8.0.17]
	at com.mysql.cj.protocol.a.NativeAuthenticationProvider.negotiateSSLConnection(NativeAuthenticationProvider.java:777) ~[mysql-connector-java-8.0.17.jar!/:8.0.17]
	at com.mysql.cj.protocol.a.NativeAuthenticationProvider.proceedHandshakeWithPluggableAuthentication(NativeAuthenticationProvider.java:486) ~[mysql-connector-java-8.0.17.jar!/:8.0.17]
	at com.mysql.cj.protocol.a.NativeAuthenticationProvider.connect(NativeAuthenticationProvider.java:202) ~[mysql-connector-java-8.0.17.jar!/:8.0.17]
	at com.mysql.cj.protocol.a.NativeProtocol.connect(NativeProtocol.java:1348) ~[mysql-connector-java-8.0.17.jar!/:8.0.17]
	at com.mysql.cj.NativeSession.connect(NativeSession.java:163) ~[mysql-connector-java-8.0.17.jar!/:8.0.17]
	at com.mysql.cj.jdbc.ConnectionImpl.connectOneTryOnly(ConnectionImpl.java:947) ~[mysql-connector-java-8.0.17.jar!/:8.0.17]
	at com.mysql.cj.jdbc.ConnectionImpl.createNewIO(ConnectionImpl.java:817) ~[mysql-connector-java-8.0.17.jar!/:8.0.17]
	... 87 common frames omitted
Caused by: javax.net.ssl.SSLHandshakeException: No appropriate protocol (protocol is disabled or cipher suites are inappropriate)
	at sun.security.ssl.HandshakeContext.<init>(HandshakeContext.java:171) ~[na:1.8.0_292]
	at sun.security.ssl.ClientHandshakeContext.<init>(ClientHandshakeContext.java:98) ~[na:1.8.0_292]
	at sun.security.ssl.TransportContext.kickstart(TransportContext.java:220) ~[na:1.8.0_292]
	at sun.security.ssl.SSLSocketImpl.startHandshake(SSLSocketImpl.java:428) ~[na:1.8.0_292]
	at com.mysql.cj.protocol.ExportControlled.performTlsHandshake(ExportControlled.java:316) ~[mysql-connector-java-8.0.17.jar!/:8.0.17]
	at com.mysql.cj.protocol.StandardSocketFactory.performTlsHandshake(StandardSocketFactory.java:188) ~[mysql-connector-java-8.0.17.jar!/:8.0.17]
	at com.mysql.cj.protocol.a.NativeSocketConnection.performTlsHandshake(NativeSocketConnection.java:99) ~[mysql-connector-java-8.0.17.jar!/:8.0.17]
	at com.mysql.cj.protocol.a.NativeProtocol.negotiateSSLConnection(NativeProtocol.java:331) ~[mysql-connector-java-8.0.17.jar!/:8.0.17]
	... 94 common frames omitted

2021-09-25 20:47:22.614 ERROR 5623 --- [nio-8081-exec-1] o.a.c.c.C.[.[.[/].[dispatcherServlet]    : Servlet.service() for servlet [dispatcherServlet] in context with path [] threw exception [Request processing failed; nested exception is org.mybatis.spring.MyBatisSystemException: nested exception is org.apache.ibatis.exceptions.PersistenceException: 
### Error querying database.  Cause: org.springframework.jdbc.CannotGetJdbcConnectionException: Failed to obtain JDBC Connection; nested exception is com.mysql.cj.jdbc.exceptions.CommunicationsException: Communications link failure

The last packet sent successfully to the server was 0 milliseconds ago. The driver has not received any packets from the server.
### The error may exist in class path resource [mappers/QuestionMapper.xml]
### The error may involve com.judgeserver.oj.dao.QuestionMapper.getCaseMsgByPid
### The error occurred while executing a query
### Cause: org.springframework.jdbc.CannotGetJdbcConnectionException: Failed to obtain JDBC Connection; nested exception is com.mysql.cj.jdbc.exceptions.CommunicationsException: Communications link failure

The last packet sent successfully to the server was 0 milliseconds ago. The driver has not received any packets from the server.] with root cause

javax.net.ssl.SSLHandshakeException: No appropriate protocol (protocol is disabled or cipher suites are inappropriate)
	at sun.security.ssl.HandshakeContext.<init>(HandshakeContext.java:171) ~[na:1.8.0_292]
	at sun.security.ssl.ClientHandshakeContext.<init>(ClientHandshakeContext.java:98) ~[na:1.8.0_292]
	at sun.security.ssl.TransportContext.kickstart(TransportContext.java:220) ~[na:1.8.0_292]
	at sun.security.ssl.SSLSocketImpl.startHandshake(SSLSocketImpl.java:428) ~[na:1.8.0_292]
	at com.mysql.cj.protocol.ExportControlled.performTlsHandshake(ExportControlled.java:316) ~[mysql-connector-java-8.0.17.jar!/:8.0.17]
	at com.mysql.cj.protocol.StandardSocketFactory.performTlsHandshake(StandardSocketFactory.java:188) ~[mysql-connector-java-8.0.17.jar!/:8.0.17]
	at com.mysql.cj.protocol.a.NativeSocketConnection.performTlsHandshake(NativeSocketConnection.java:99) ~[mysql-connector-java-8.0.17.jar!/:8.0.17]
	at com.mysql.cj.protocol.a.NativeProtocol.negotiateSSLConnection(NativeProtocol.java:331) ~[mysql-connector-java-8.0.17.jar!/:8.0.17]
	at com.mysql.cj.protocol.a.NativeAuthenticationProvider.negotiateSSLConnection(NativeAuthenticationProvider.java:777) ~[mysql-connector-java-8.0.17.jar!/:8.0.17]
	at com.mysql.cj.protocol.a.NativeAuthenticationProvider.proceedHandshakeWithPluggableAuthentication(NativeAuthenticationProvider.java:486) ~[mysql-connector-java-8.0.17.jar!/:8.0.17]
	at com.mysql.cj.protocol.a.NativeAuthenticationProvider.connect(NativeAuthenticationProvider.java:202) ~[mysql-connector-java-8.0.17.jar!/:8.0.17]
	at com.mysql.cj.protocol.a.NativeProtocol.connect(NativeProtocol.java:1348) ~[mysql-connector-java-8.0.17.jar!/:8.0.17]
	at com.mysql.cj.NativeSession.connect(NativeSession.java:163) ~[mysql-connector-java-8.0.17.jar!/:8.0.17]
	at com.mysql.cj.jdbc.ConnectionImpl.connectOneTryOnly(ConnectionImpl.java:947) ~[mysql-connector-java-8.0.17.jar!/:8.0.17]
	at com.mysql.cj.jdbc.ConnectionImpl.createNewIO(ConnectionImpl.java:817) ~[mysql-connector-java-8.0.17.jar!/:8.0.17]
	at com.mysql.cj.jdbc.ConnectionImpl.<init>(ConnectionImpl.java:447) ~[mysql-connector-java-8.0.17.jar!/:8.0.17]
	at com.mysql.cj.jdbc.ConnectionImpl.getInstance(ConnectionImpl.java:237) ~[mysql-connector-java-8.0.17.jar!/:8.0.17]
	at com.mysql.cj.jdbc.NonRegisteringDriver.connect(NonRegisteringDriver.java:199) ~[mysql-connector-java-8.0.17.jar!/:8.0.17]
	at com.zaxxer.hikari.util.DriverDataSource.getConnection(DriverDataSource.java:138) ~[HikariCP-4.0.3.jar!/:na]
	at com.zaxxer.hikari.pool.PoolBase.newConnection(PoolBase.java:364) ~[HikariCP-4.0.3.jar!/:na]
	at com.zaxxer.hikari.pool.PoolBase.newPoolEntry(PoolBase.java:206) ~[HikariCP-4.0.3.jar!/:na]
	at com.zaxxer.hikari.pool.HikariPool.createPoolEntry(HikariPool.java:476) ~[HikariCP-4.0.3.jar!/:na]
	at com.zaxxer.hikari.pool.HikariPool.checkFailFast(HikariPool.java:561) ~[HikariCP-4.0.3.jar!/:na]
	at com.zaxxer.hikari.pool.HikariPool.<init>(HikariPool.java:115) ~[HikariCP-4.0.3.jar!/:na]
	at com.zaxxer.hikari.HikariDataSource.getConnection(HikariDataSource.java:112) ~[HikariCP-4.0.3.jar!/:na]
	at org.springframework.jdbc.datasource.DataSourceUtils.fetchConnection(DataSourceUtils.java:158) ~[spring-jdbc-5.3.9.jar!/:5.3.9]
	at org.springframework.jdbc.datasource.DataSourceUtils.doGetConnection(DataSourceUtils.java:116) ~[spring-jdbc-5.3.9.jar!/:5.3.9]
	at org.springframework.jdbc.datasource.DataSourceUtils.getConnection(DataSourceUtils.java:79) ~[spring-jdbc-5.3.9.jar!/:5.3.9]
	at org.mybatis.spring.transaction.SpringManagedTransaction.openConnection(SpringManagedTransaction.java:80) ~[mybatis-spring-2.0.3.jar!/:2.0.3]
	at org.mybatis.spring.transaction.SpringManagedTransaction.getConnection(SpringManagedTransaction.java:67) ~[mybatis-spring-2.0.3.jar!/:2.0.3]
	at org.apache.ibatis.executor.BaseExecutor.getConnection(BaseExecutor.java:336) ~[mybatis-3.5.3.jar!/:3.5.3]
	at com.baomidou.mybatisplus.core.executor.MybatisSimpleExecutor.prepareStatement(MybatisSimpleExecutor.java:91) ~[mybatis-plus-core-3.3.1.jar!/:3.3.1]
	at com.baomidou.mybatisplus.core.executor.MybatisSimpleExecutor.doQuery(MybatisSimpleExecutor.java:66) ~[mybatis-plus-core-3.3.1.jar!/:3.3.1]
	at org.apache.ibatis.executor.BaseExecutor.queryFromDatabase(BaseExecutor.java:324) ~[mybatis-3.5.3.jar!/:3.5.3]
	at org.apache.ibatis.executor.BaseExecutor.query(BaseExecutor.java:156) ~[mybatis-3.5.3.jar!/:3.5.3]
	at com.baomidou.mybatisplus.core.executor.MybatisCachingExecutor.query(MybatisCachingExecutor.java:163) ~[mybatis-plus-core-3.3.1.jar!/:3.3.1]
	at com.baomidou.mybatisplus.core.executor.MybatisCachingExecutor.query(MybatisCachingExecutor.java:90) ~[mybatis-plus-core-3.3.1.jar!/:3.3.1]
	at org.apache.ibatis.session.defaults.DefaultSqlSession.selectList(DefaultSqlSession.java:147) ~[mybatis-3.5.3.jar!/:3.5.3]
	at org.apache.ibatis.session.defaults.DefaultSqlSession.selectList(DefaultSqlSession.java:140) ~[mybatis-3.5.3.jar!/:3.5.3]
	at sun.reflect.NativeMethodAccessorImpl.invoke0(Native Method) ~[na:1.8.0_292]
	at sun.reflect.NativeMethodAccessorImpl.invoke(NativeMethodAccessorImpl.java:62) ~[na:1.8.0_292]
	at sun.reflect.DelegatingMethodAccessorImpl.invoke(DelegatingMethodAccessorImpl.java:43) ~[na:1.8.0_292]
	at java.lang.reflect.Method.invoke(Method.java:498) ~[na:1.8.0_292]
	at org.mybatis.spring.SqlSessionTemplate$SqlSessionInterceptor.invoke(SqlSessionTemplate.java:426) ~[mybatis-spring-2.0.3.jar!/:2.0.3]
	at com.sun.proxy.$Proxy72.selectList(Unknown Source) ~[na:na]
	at org.mybatis.spring.SqlSessionTemplate.selectList(SqlSessionTemplate.java:223) ~[mybatis-spring-2.0.3.jar!/:2.0.3]
	at com.baomidou.mybatisplus.core.override.MybatisMapperMethod.executeForMany(MybatisMapperMethod.java:177) ~[mybatis-plus-core-3.3.1.jar!/:3.3.1]
	at com.baomidou.mybatisplus.core.override.MybatisMapperMethod.execute(MybatisMapperMethod.java:78) ~[mybatis-plus-core-3.3.1.jar!/:3.3.1]
	at com.baomidou.mybatisplus.core.override.MybatisMapperProxy.invoke(MybatisMapperProxy.java:96) ~[mybatis-plus-core-3.3.1.jar!/:3.3.1]
	at com.sun.proxy.$Proxy73.getCaseMsgByPid(Unknown Source) ~[na:na]
	at com.judgeserver.oj.service.Impl.QuestionServiceImpl.getCaseMsgByPid(QuestionServiceImpl.java:41) ~[classes!/:0.0.1-SNAPSHOT]
	at com.judgeserver.oj.controller.QuestionController.getCaseMsgByPid(QuestionController.java:35) ~[classes!/:0.0.1-SNAPSHOT]
	at sun.reflect.NativeMethodAccessorImpl.invoke0(Native Method) ~[na:1.8.0_292]
	at sun.reflect.NativeMethodAccessorImpl.invoke(NativeMethodAccessorImpl.java:62) ~[na:1.8.0_292]
	at sun.reflect.DelegatingMethodAccessorImpl.invoke(DelegatingMethodAccessorImpl.java:43) ~[na:1.8.0_292]
	at java.lang.reflect.Method.invoke(Method.java:498) ~[na:1.8.0_292]
	at org.springframework.web.method.support.InvocableHandlerMethod.doInvoke(InvocableHandlerMethod.java:197) ~[spring-web-5.3.9.jar!/:5.3.9]
	at org.springframework.web.method.support.InvocableHandlerMethod.invokeForRequest(InvocableHandlerMethod.java:141) ~[spring-web-5.3.9.jar!/:5.3.9]
	at org.springframework.web.servlet.mvc.method.annotation.ServletInvocableHandlerMethod.invokeAndHandle(ServletInvocableHandlerMethod.java:106) ~[spring-webmvc-5.3.9.jar!/:5.3.9]
	at org.springframework.web.servlet.mvc.method.annotation.RequestMappingHandlerAdapter.invokeHandlerMethod(RequestMappingHandlerAdapter.java:895) ~[spring-webmvc-5.3.9.jar!/:5.3.9]
	at org.springframework.web.servlet.mvc.method.annotation.RequestMappingHandlerAdapter.handleInternal(RequestMappingHandlerAdapter.java:808) ~[spring-webmvc-5.3.9.jar!/:5.3.9]
	at org.springframework.web.servlet.mvc.method.AbstractHandlerMethodAdapter.handle(AbstractHandlerMethodAdapter.java:87) ~[spring-webmvc-5.3.9.jar!/:5.3.9]
	at org.springframework.web.servlet.DispatcherServlet.doDispatch(DispatcherServlet.java:1064) ~[spring-webmvc-5.3.9.jar!/:5.3.9]
	at org.springframework.web.servlet.DispatcherServlet.doService(DispatcherServlet.java:963) ~[spring-webmvc-5.3.9.jar!/:5.3.9]
	at org.springframework.web.servlet.FrameworkServlet.processRequest(FrameworkServlet.java:1006) ~[spring-webmvc-5.3.9.jar!/:5.3.9]
	at org.springframework.web.servlet.FrameworkServlet.doGet(FrameworkServlet.java:898) ~[spring-webmvc-5.3.9.jar!/:5.3.9]
	at javax.servlet.http.HttpServlet.service(HttpServlet.java:655) ~[tomcat-embed-core-9.0.52.jar!/:na]
	at org.springframework.web.servlet.FrameworkServlet.service(FrameworkServlet.java:883) ~[spring-webmvc-5.3.9.jar!/:5.3.9]
	at javax.servlet.http.HttpServlet.service(HttpServlet.java:764) ~[tomcat-embed-core-9.0.52.jar!/:na]
	at org.apache.catalina.core.ApplicationFilterChain.internalDoFilter(ApplicationFilterChain.java:227) ~[tomcat-embed-core-9.0.52.jar!/:na]
	at org.apache.catalina.core.ApplicationFilterChain.doFilter(ApplicationFilterChain.java:162) ~[tomcat-embed-core-9.0.52.jar!/:na]
	at org.apache.tomcat.websocket.server.WsFilter.doFilter(WsFilter.java:53) ~[tomcat-embed-websocket-9.0.52.jar!/:na]
	at org.apache.catalina.core.ApplicationFilterChain.internalDoFilter(ApplicationFilterChain.java:189) ~[tomcat-embed-core-9.0.52.jar!/:na]
	at org.apache.catalina.core.ApplicationFilterChain.doFilter(ApplicationFilterChain.java:162) ~[tomcat-embed-core-9.0.52.jar!/:na]
	at org.springframework.web.filter.RequestContextFilter.doFilterInternal(RequestContextFilter.java:100) ~[spring-web-5.3.9.jar!/:5.3.9]
	at org.springframework.web.filter.OncePerRequestFilter.doFilter(OncePerRequestFilter.java:119) ~[spring-web-5.3.9.jar!/:5.3.9]
	at org.apache.catalina.core.ApplicationFilterChain.internalDoFilter(ApplicationFilterChain.java:189) ~[tomcat-embed-core-9.0.52.jar!/:na]
	at org.apache.catalina.core.ApplicationFilterChain.doFilter(ApplicationFilterChain.java:162) ~[tomcat-embed-core-9.0.52.jar!/:na]
	at org.springframework.web.filter.FormContentFilter.doFilterInternal(FormContentFilter.java:93) ~[spring-web-5.3.9.jar!/:5.3.9]
	at org.springframework.web.filter.OncePerRequestFilter.doFilter(OncePerRequestFilter.java:119) ~[spring-web-5.3.9.jar!/:5.3.9]
	at org.apache.catalina.core.ApplicationFilterChain.internalDoFilter(ApplicationFilterChain.java:189) ~[tomcat-embed-core-9.0.52.jar!/:na]
	at org.apache.catalina.core.ApplicationFilterChain.doFilter(ApplicationFilterChain.java:162) ~[tomcat-embed-core-9.0.52.jar!/:na]
	at org.springframework.web.filter.CharacterEncodingFilter.doFilterInternal(CharacterEncodingFilter.java:201) ~[spring-web-5.3.9.jar!/:5.3.9]
	at org.springframework.web.filter.OncePerRequestFilter.doFilter(OncePerRequestFilter.java:119) ~[spring-web-5.3.9.jar!/:5.3.9]
	at org.apache.catalina.core.ApplicationFilterChain.internalDoFilter(ApplicationFilterChain.java:189) ~[tomcat-embed-core-9.0.52.jar!/:na]
	at org.apache.catalina.core.ApplicationFilterChain.doFilter(ApplicationFilterChain.java:162) ~[tomcat-embed-core-9.0.52.jar!/:na]
	at org.apache.catalina.core.StandardWrapperValve.invoke(StandardWrapperValve.java:197) ~[tomcat-embed-core-9.0.52.jar!/:na]
	at org.apache.catalina.core.StandardContextValve.invoke(StandardContextValve.java:97) [tomcat-embed-core-9.0.52.jar!/:na]
	at org.apache.catalina.authenticator.AuthenticatorBase.invoke(AuthenticatorBase.java:542) [tomcat-embed-core-9.0.52.jar!/:na]
	at org.apache.catalina.core.StandardHostValve.invoke(StandardHostValve.java:135) [tomcat-embed-core-9.0.52.jar!/:na]
	at org.apache.catalina.valves.ErrorReportValve.invoke(ErrorReportValve.java:92) [tomcat-embed-core-9.0.52.jar!/:na]
	at org.apache.catalina.core.StandardEngineValve.invoke(StandardEngineValve.java:78) [tomcat-embed-core-9.0.52.jar!/:na]
	at org.apache.catalina.connector.CoyoteAdapter.service(CoyoteAdapter.java:357) [tomcat-embed-core-9.0.52.jar!/:na]
	at org.apache.coyote.http11.Http11Processor.service(Http11Processor.java:382) [tomcat-embed-core-9.0.52.jar!/:na]
	at org.apache.coyote.AbstractProcessorLight.process(AbstractProcessorLight.java:65) [tomcat-embed-core-9.0.52.jar!/:na]
	at org.apache.coyote.AbstractProtocol$ConnectionHandler.process(AbstractProtocol.java:893) [tomcat-embed-core-9.0.52.jar!/:na]
	at org.apache.tomcat.util.net.NioEndpoint$SocketProcessor.doRun(NioEndpoint.java:1726) [tomcat-embed-core-9.0.52.jar!/:na]
	at org.apache.tomcat.util.net.SocketProcessorBase.run(SocketProcessorBase.java:49) [tomcat-embed-core-9.0.52.jar!/:na]
	at org.apache.tomcat.util.threads.ThreadPoolExecutor.runWorker(ThreadPoolExecutor.java:1191) [tomcat-embed-core-9.0.52.jar!/:na]
	at org.apache.tomcat.util.threads.ThreadPoolExecutor$Worker.run(ThreadPoolExecutor.java:659) [tomcat-embed-core-9.0.52.jar!/:na]
	at org.apache.tomcat.util.threads.TaskThread$WrappingRunnable.run(TaskThread.java:61) [tomcat-embed-core-9.0.52.jar!/:na]
	at java.lang.Thread.run(Thread.java:748) [na:1.8.0_292]

