2021-10-11 11:23:40 [INFO] [/home/et/Desktop/Projects/unioj-judger/service/healthy/health.go:50] 心跳检测--判题器工作正常
2021-10-11 11:23:41 [INFO] [/home/et/Desktop/Projects/unioj-judger/service/healthy/health.go:68] 内存统计: 31.1  负载统计: 6.21  topic: judger_taskbbd897c9-1626-49a5-8ba3-26a611c2f58b
2021-10-11 11:24:00 [INFO] [/home/et/Desktop/Projects/unioj-judger/service/healthy/health.go:50] 心跳检测--判题器工作正常
2021-10-11 11:24:01 [INFO] [/home/et/Desktop/Projects/unioj-judger/service/healthy/health.go:68] 内存统计: 31.13  负载统计: 20.5  topic: judger_taskbbd897c9-1626-49a5-8ba3-26a611c2f58b
2021-10-11 11:24:40 [INFO] [/home/et/Desktop/Projects/unioj-judger/service/healthy/health.go:50] 心跳检测--判题器工作正常
2021-10-11 11:24:41 [INFO] [/home/et/Desktop/Projects/unioj-judger/service/healthy/health.go:68] 内存统计: 31.21  负载统计: 25.69  topic: judger_taskbbd897c9-1626-49a5-8ba3-26a611c2f58b
2021-10-11 11:25:00 [INFO] [/home/et/Desktop/Projects/unioj-judger/service/healthy/health.go:50] 心跳检测--判题器工作正常
2021-10-11 11:25:01 [INFO] [/home/et/Desktop/Projects/unioj-judger/service/healthy/health.go:68] 内存统计: 31.23  负载统计: 1.6300000000000001  topic: judger_taskbbd897c9-1626-49a5-8ba3-26a611c2f58b
2021-10-11 11:25:40 [INFO] [/home/et/Desktop/Projects/unioj-judger/service/healthy/health.go:50] 心跳检测--判题器工作正常
2021-10-11 11:25:41 [INFO] [/home/et/Desktop/Projects/unioj-judger/service/healthy/health.go:68] 内存统计: 31.240000000000002  负载统计: 0.25  topic: judger_taskbbd897c9-1626-49a5-8ba3-26a611c2f58b
2021-10-11 11:26:00 [INFO] [/home/et/Desktop/Projects/unioj-judger/service/healthy/health.go:50] 心跳检测--判题器工作正常
2021-10-11 11:26:01 [INFO] [/home/et/Desktop/Projects/unioj-judger/service/healthy/health.go:68] 内存统计: 31.23  负载统计: 4.8100000000000005  topic: judger_taskbbd897c9-1626-49a5-8ba3-26a611c2f58b
2021-10-11 11:26:40 [INFO] [/home/et/Desktop/Projects/unioj-judger/service/healthy/health.go:50] 心跳检测--判题器工作正常
2021-10-11 11:26:41 [INFO] [/home/et/Desktop/Projects/unioj-judger/service/healthy/health.go:68] 内存统计: 31.25  负载统计: 2.2600000000000002  topic: judger_taskbbd897c9-1626-49a5-8ba3-26a611c2f58b
2021-10-11 11:27:00 [INFO] [/home/et/Desktop/Projects/unioj-judger/service/healthy/health.go:50] 心跳检测--判题器工作正常
2021-10-11 11:27:01 [INFO] [/home/et/Desktop/Projects/unioj-judger/service/healthy/health.go:68] 内存统计: 31.28  负载统计: 1.3800000000000001  topic: judger_taskbbd897c9-1626-49a5-8ba3-26a611c2f58b
2021-10-11 11:27:40 [INFO] [/home/et/Desktop/Projects/unioj-judger/service/healthy/health.go:50] 心跳检测--判题器工作正常
2021-10-11 11:27:41 [INFO] [/home/et/Desktop/Projects/unioj-judger/service/healthy/health.go:68] 内存统计: 31.29  负载统计: 5.22  topic: judger_taskbbd897c9-1626-49a5-8ba3-26a611c2f58b
2021-10-11 11:28:00 [INFO] [/home/et/Desktop/Projects/unioj-judger/service/healthy/health.go:50] 心跳检测--判题器工作正常
2021-10-11 11:28:01 [INFO] [/home/et/Desktop/Projects/unioj-judger/service/healthy/health.go:68] 内存统计: 31.25  负载统计: 0.62  topic: judger_taskbbd897c9-1626-49a5-8ba3-26a611c2f58b
2021-10-11 11:28:40 [INFO] [/home/et/Desktop/Projects/unioj-judger/service/healthy/health.go:50] 心跳检测--判题器工作正常
2021-10-11 11:28:41 [INFO] [/home/et/Desktop/Projects/unioj-judger/service/healthy/health.go:68] 内存统计: 31.28  负载统计: 2.02  topic: judger_taskbbd897c9-1626-49a5-8ba3-26a611c2f58b
2021-10-11 11:29:00 [INFO] [/home/et/Desktop/Projects/unioj-judger/service/healthy/health.go:50] 心跳检测--判题器工作正常
2021-10-11 11:29:01 [INFO] [/home/et/Desktop/Projects/unioj-judger/service/healthy/health.go:68] 内存统计: 31.27  负载统计: 29.6  topic: judger_taskbbd897c9-1626-49a5-8ba3-26a611c2f58b
2021-10-11 11:29:40 [INFO] [/home/et/Desktop/Projects/unioj-judger/service/healthy/health.go:50] 心跳检测--判题器工作正常
2021-10-11 11:29:41 [INFO] [/home/et/Desktop/Projects/unioj-judger/service/healthy/health.go:68] 内存统计: 31.03  负载统计: 27.12  topic: judger_taskbbd897c9-1626-49a5-8ba3-26a611c2f58b
2021-10-11 11:30:00 [INFO] [/home/et/Desktop/Projects/unioj-judger/service/healthy/health.go:50] 心跳检测--判题器工作正常
2021-10-11 11:30:01 [INFO] [/home/et/Desktop/Projects/unioj-judger/service/healthy/health.go:68] 内存统计: 31.060000000000002  负载统计: 5.79  topic: judger_taskbbd897c9-1626-49a5-8ba3-26a611c2f58b
2021-10-11 11:30:22 [INFO] [/home/et/Desktop/Projects/unioj-judger/service/healthy/health.go:50] 心跳检测--判题器工作正常
2021-10-11 11:30:23 [INFO] [/home/et/Desktop/Projects/unioj-judger/service/healthy/health.go:68] 内存统计: 31.14  负载统计: 5.15  topic: judger_taskbbd897c9-1626-49a5-8ba3-26a611c2f58b
2021-10-11 11:30:40 [INFO] [/home/et/Desktop/Projects/unioj-judger/service/healthy/health.go:50] 心跳检测--判题器工作正常
2021-10-11 11:30:41 [INFO] [/home/et/Desktop/Projects/unioj-judger/service/healthy/health.go:68] 内存统计: 31.25  负载统计: 27.41  topic: judger_taskbbd897c9-1626-49a5-8ba3-26a611c2f58b
2021-10-11 11:31:00 [INFO] [/home/et/Desktop/Projects/unioj-judger/service/healthy/health.go:50] 心跳检测--判题器工作正常
2021-10-11 11:31:01 [INFO] [/home/et/Desktop/Projects/unioj-judger/service/healthy/health.go:68] 内存统计: 31.26  负载统计: 8.2  topic: judger_taskbbd897c9-1626-49a5-8ba3-26a611c2f58b
2021-10-11 11:31:40 [INFO] [/home/et/Desktop/Projects/unioj-judger/service/healthy/health.go:50] 心跳检测--判题器工作正常
2021-10-11 11:31:41 [INFO] [/home/et/Desktop/Projects/unioj-judger/service/healthy/health.go:68] 内存统计: 31.310000000000002  负载统计: 14.11  topic: judger_taskbbd897c9-1626-49a5-8ba3-26a611c2f58b
2021-10-11 11:32:00 [INFO] [/home/et/Desktop/Projects/unioj-judger/service/healthy/health.go:50] 心跳检测--判题器工作正常
2021-10-11 11:32:01 [INFO] [/home/et/Desktop/Projects/unioj-judger/service/healthy/health.go:68] 内存统计: 31.32  负载统计: 2.38  topic: judger_taskbbd897c9-1626-49a5-8ba3-26a611c2f58b
2021-10-11 11:32:40 [INFO] [/home/et/Desktop/Projects/unioj-judger/service/healthy/health.go:50] 心跳检测--判题器工作正常
2021-10-11 11:32:41 [INFO] [/home/et/Desktop/Projects/unioj-judger/service/healthy/health.go:68] 内存统计: 31.27  负载统计: 39.49  topic: judger_taskbbd897c9-1626-49a5-8ba3-26a611c2f58b
2021-10-11 11:32:46 [INFO] [/home/et/Desktop/Projects/unioj-judger/service/healthy/health.go:50] 心跳检测--判题器工作正常
2021-10-11 11:32:47 [INFO] [/home/et/Desktop/Projects/unioj-judger/service/healthy/health.go:68] 内存统计: 31.25  负载统计: 2.81  topic: judger_taskbbd897c9-1626-49a5-8ba3-26a611c2f58b
2021-10-11 11:33:00 [INFO] [/home/et/Desktop/Projects/unioj-judger/service/healthy/health.go:50] 心跳检测--判题器工作正常
2021-10-11 11:33:01 [INFO] [/home/et/Desktop/Projects/unioj-judger/service/healthy/health.go:68] 内存统计: 31.28  负载统计: 2.9  topic: judger_taskbbd897c9-1626-49a5-8ba3-26a611c2f58b
2021-10-11 11:33:04 [INFO] [/home/et/Desktop/Projects/unioj-judger/service/healthy/health.go:50] 心跳检测--判题器工作正常
2021-10-11 11:33:05 [INFO] [/home/et/Desktop/Projects/unioj-judger/service/healthy/health.go:68] 内存统计: 31.26  负载统计: 3.0500000000000003  topic: judger_taskbbd897c9-1626-49a5-8ba3-26a611c2f58b
2021-10-11 11:33:40 [INFO] [/home/et/Desktop/Projects/unioj-judger/service/healthy/health.go:50] 心跳检测--判题器工作正常
2021-10-11 11:33:41 [INFO] [/home/et/Desktop/Projects/unioj-judger/service/healthy/health.go:68] 内存统计: 31.29  负载统计: 3.97  topic: judger_taskbbd897c9-1626-49a5-8ba3-26a611c2f58b
2021-10-11 11:34:00 [INFO] [/home/et/Desktop/Projects/unioj-judger/service/healthy/health.go:50] 心跳检测--判题器工作正常
2021-10-11 11:34:01 [INFO] [/home/et/Desktop/Projects/unioj-judger/service/healthy/health.go:68] 内存统计: 31.3  负载统计: 0.5  topic: judger_taskbbd897c9-1626-49a5-8ba3-26a611c2f58b
2021-10-11 11:34:40 [INFO] [/home/et/Desktop/Projects/unioj-judger/service/healthy/health.go:50] 心跳检测--判题器工作正常
2021-10-11 11:34:41 [INFO] [/home/et/Desktop/Projects/unioj-judger/service/healthy/health.go:68] 内存统计: 31.32  负载统计: 1.25  topic: judger_taskbbd897c9-1626-49a5-8ba3-26a611c2f58b
2021-10-11 11:34:59 [INFO] [/home/et/Desktop/Projects/unioj-judger/service/healthy/health.go:50] 心跳检测--判题器工作正常
2021-10-11 11:35:00 [INFO] [/home/et/Desktop/Projects/unioj-judger/service/healthy/health.go:50] 心跳检测--判题器工作正常
2021-10-11 11:35:00 [INFO] [/home/et/Desktop/Projects/unioj-judger/service/healthy/health.go:68] 内存统计: 31.310000000000002  负载统计: 1.52  topic: judger_taskbbd897c9-1626-49a5-8ba3-26a611c2f58b
2021-10-11 11:35:01 [INFO] [/home/et/Desktop/Projects/unioj-judger/service/healthy/health.go:68] 内存统计: 31.310000000000002  负载统计: 1.4000000000000001  topic: judger_taskbbd897c9-1626-49a5-8ba3-26a611c2f58b
2021-10-11 11:35:40 [INFO] [/home/et/Desktop/Projects/unioj-judger/service/healthy/health.go:50] 心跳检测--判题器工作正常
2021-10-11 11:35:41 [INFO] [/home/et/Desktop/Projects/unioj-judger/service/healthy/health.go:68] 内存统计: 31.34  负载统计: 0.25  topic: judger_taskbbd897c9-1626-49a5-8ba3-26a611c2f58b
2021-10-11 11:36:00 [INFO] [/home/et/Desktop/Projects/unioj-judger/service/healthy/health.go:50] 心跳检测--判题器工作正常
2021-10-11 11:36:01 [INFO] [/home/et/Desktop/Projects/unioj-judger/service/healthy/health.go:68] 内存统计: 31.34  负载统计: 0.5  topic: judger_taskbbd897c9-1626-49a5-8ba3-26a611c2f58b
2021-10-11 11:36:16 [EROR] [/home/et/Desktop/Projects/unioj-judger/service/kafka.go:85] kafka消费者错误 重试次数： 10   err: kafka: client has run out of available brokers to talk to (Is your cluster reachable?)
2021-10-11 11:36:22 [EROR] [/home/et/Desktop/Projects/unioj-judger/service/kafka.go:85] kafka消费者错误 重试次数： 9   err: kafka: client has run out of available brokers to talk to (Is your cluster reachable?)
2021-10-11 11:36:24 [EROR] [/home/et/Desktop/Projects/unioj-judger/service/kafka.go:85] kafka消费者错误 重试次数： 8   err: kafka: client has run out of available brokers to talk to (Is your cluster reachable?)
2021-10-11 11:36:27 [EROR] [/home/et/Desktop/Projects/unioj-judger/service/kafka.go:85] kafka消费者错误 重试次数： 7   err: kafka: client has run out of available brokers to talk to (Is your cluster reachable?)
2021-10-11 11:36:30 [EROR] [/home/et/Desktop/Projects/unioj-judger/service/kafka.go:85] kafka消费者错误 重试次数： 6   err: kafka: client has run out of available brokers to talk to (Is your cluster reachable?)
2021-10-11 11:36:33 [EROR] [/home/et/Desktop/Projects/unioj-judger/service/kafka.go:85] kafka消费者错误 重试次数： 5   err: kafka: client has run out of available brokers to talk to (Is your cluster reachable?)
2021-10-11 11:36:35 [EROR] [/home/et/Desktop/Projects/unioj-judger/service/kafka.go:85] kafka消费者错误 重试次数： 4   err: kafka: client has run out of available brokers to talk to (Is your cluster reachable?)
2021-10-11 11:36:38 [EROR] [/home/et/Desktop/Projects/unioj-judger/service/kafka.go:85] kafka消费者错误 重试次数： 3   err: kafka: client has run out of available brokers to talk to (Is your cluster reachable?)
2021-10-11 11:36:41 [EROR] [/home/et/Desktop/Projects/unioj-judger/service/kafka.go:85] kafka消费者错误 重试次数： 2   err: kafka: client has run out of available brokers to talk to (Is your cluster reachable?)
2021-10-11 11:36:44 [EROR] [/home/et/Desktop/Projects/unioj-judger/service/kafka.go:85] kafka消费者错误 重试次数： 1   err: kafka: client has run out of available brokers to talk to (Is your cluster reachable?)
2021-10-11 11:36:46 [EROR] [/home/et/Desktop/Projects/unioj-judger/service/kafka.go:126] 关闭kafka消费者出现错误  kafka: client has run out of available brokers to talk to (Is your cluster reachable?)
2021-10-11 11:36:46 [EROR] [/home/et/Desktop/Projects/unioj-judger/run/run.go:50] kafka挂了
2021-10-11 11:36:46 [WARN] [/home/et/Desktop/Projects/unioj-judger/service/healthy/health.go:40] 正在销毁判题器： 192.168.128.0:7999
2021-10-11 11:36:46 [EROR] [/home/et/Desktop/Projects/unioj-judger/service/mysql/mysql.go:70] 销毁判题器  192.168.128.0:7999  状态失败...  err: dial tcp 47.96.99.172:3306: connect: connection refused
2021-10-11 11:36:46 [INFO] [/home/et/Desktop/Projects/unioj-judger/service/mysql/mysql.go:72] 销毁判题器  192.168.128.0:7999  状态成功...
2021-10-11 11:36:46 [EMER] [/home/et/go/pkg/mod/github.com/wonderivan/logger@v1.0.0/log.go:391] ###Exec Panic:判题器撤出...
2021-10-11 16:11:18 [DEBG] [/home/et/Desktop/Projects/unioj-judger/service/log.go:13] Judgerloger初始化成功...
2021-10-11 16:11:18 [DEBG] [/home/et/Desktop/Projects/unioj-judger/conf/initConf.go:75] [1] INFO  获取server kafka配置信息成功...
2021-10-11 16:11:18 [INFO] [/home/et/Desktop/Projects/unioj-judger/conf/initConf.go:77] 		(_1_)  kafka_host:       47.96.99.172:9092
2021-10-11 16:11:18 [INFO] [/home/et/Desktop/Projects/unioj-judger/conf/initConf.go:78] 		(_2_)  juger_task_topic: judger_task
2021-10-11 16:11:18 [INFO] [/home/et/Desktop/Projects/unioj-judger/conf/initConf.go:79] 		(_3_)  sql_host:         47.96.99.172:3306
2021-10-11 16:11:18 [INFO] [/home/et/Desktop/Projects/unioj-judger/conf/initConf.go:80] 		(_4_)  sql_user:         root
2021-10-11 16:11:18 [INFO] [/home/et/Desktop/Projects/unioj-judger/conf/initConf.go:81] 		(_5_)  sql_password:     Abc741258963.0
2021-10-11 16:11:18 [DEBG] [/home/et/Desktop/Projects/unioj-judger/service/mysql/mysql.go:21] [3] INFO:初始化连接mysql成功... 
2021-10-11 16:11:18 [DEBG] [/home/et/Desktop/Projects/unioj-judger/service/etcd.go:38] etcd连接成功...
2021-10-11 16:11:18 [DEBG] [/home/et/Desktop/Projects/unioj-judger/service/maintain.go:25] 定时删除任务启动成功...
2021-10-11 16:11:18 [DEBG] [/home/et/Desktop/Projects/unioj-judger/service/healthy/health.go:24] 注册判题器信息：externalIp 192.168.128.0:7999   topic:  judger_taskbbd897c9-1626-49a5-8ba3-26a611c2f58b
2021-10-11 16:11:18 [DEBG] [/home/et/Desktop/Projects/unioj-judger/service/kafka.go:35] 新的topic:  judger_task8f5d01ca-018d-426d-b72d-a4ebef63c19d
2021-10-11 16:11:18 [INFO] [/home/et/Desktop/Projects/unioj-judger/service/kafka.go:46] kafka消费者启动中...
2021-10-11 16:11:18 [INFO] [/home/et/Desktop/Projects/unioj-judger/service/mysql/mysql.go:44] 查询已有判题器成功...  nums： 1
2021-10-11 16:11:18 [INFO] [/home/et/Desktop/Projects/unioj-judger/service/mysql/mysql.go:62] 更新判题器  192.168.128.0:7999  状态成功...
2021-10-11 16:11:18 [DEBG] [/home/et/Desktop/Projects/unioj-judger/run/run.go:59] judgeserver 启动成功...   监听：0.0.0.0:7999
2021-10-11 16:11:19 [INFO] [/home/et/Desktop/Projects/unioj-judger/service/kafka.go:108] kafka消费者启动成功...,topic: judger_task8f5d01ca-018d-426d-b72d-a4ebef63c19d
2021-10-11 16:11:42 [INFO] [/home/et/Desktop/Projects/unioj-judger/service/healthy/health.go:50] 心跳检测--判题器工作正常
2021-10-11 16:11:43 [INFO] [/home/et/Desktop/Projects/unioj-judger/service/healthy/health.go:68] 内存统计: 23.89  负载统计: 59.81  topic: judger_task8f5d01ca-018d-426d-b72d-a4ebef63c19d
2021-10-11 16:12:00 [INFO] [/home/et/Desktop/Projects/unioj-judger/service/healthy/health.go:50] 心跳检测--判题器工作正常
2021-10-11 16:12:01 [INFO] [/home/et/Desktop/Projects/unioj-judger/service/healthy/health.go:68] 内存统计: 24.16  负载统计: 0.25  topic: judger_task8f5d01ca-018d-426d-b72d-a4ebef63c19d
2021-10-11 16:12:40 [INFO] [/home/et/Desktop/Projects/unioj-judger/service/healthy/health.go:50] 心跳检测--判题器工作正常
2021-10-11 16:12:41 [INFO] [/home/et/Desktop/Projects/unioj-judger/service/healthy/health.go:68] 内存统计: 24.17  负载统计: 0.87  topic: judger_task8f5d01ca-018d-426d-b72d-a4ebef63c19d
2021-10-11 16:13:00 [INFO] [/home/et/Desktop/Projects/unioj-judger/service/healthy/health.go:50] 心跳检测--判题器工作正常
2021-10-11 16:13:01 [INFO] [/home/et/Desktop/Projects/unioj-judger/service/healthy/health.go:68] 内存统计: 24.16  负载统计: 0.5  topic: judger_task8f5d01ca-018d-426d-b72d-a4ebef63c19d
2021-10-11 16:13:40 [INFO] [/home/et/Desktop/Projects/unioj-judger/service/healthy/health.go:50] 心跳检测--判题器工作正常
2021-10-11 16:13:41 [INFO] [/home/et/Desktop/Projects/unioj-judger/service/healthy/health.go:68] 内存统计: 24.16  负载统计: 0.75  topic: judger_task8f5d01ca-018d-426d-b72d-a4ebef63c19d
2021-10-11 16:14:00 [INFO] [/home/et/Desktop/Projects/unioj-judger/service/healthy/health.go:50] 心跳检测--判题器工作正常
2021-10-11 16:14:01 [INFO] [/home/et/Desktop/Projects/unioj-judger/service/healthy/health.go:68] 内存统计: 24.14  负载统计: 0.75  topic: judger_task8f5d01ca-018d-426d-b72d-a4ebef63c19d
2021-10-11 16:14:40 [INFO] [/home/et/Desktop/Projects/unioj-judger/service/healthy/health.go:50] 心跳检测--判题器工作正常
2021-10-11 16:14:41 [INFO] [/home/et/Desktop/Projects/unioj-judger/service/healthy/health.go:68] 内存统计: 24.13  负载统计: 0.37  topic: judger_task8f5d01ca-018d-426d-b72d-a4ebef63c19d
2021-10-11 16:15:00 [INFO] [/home/et/Desktop/Projects/unioj-judger/service/healthy/health.go:50] 心跳检测--判题器工作正常
2021-10-11 16:15:01 [INFO] [/home/et/Desktop/Projects/unioj-judger/service/healthy/health.go:68] 内存统计: 24.150000000000002  负载统计: 1.8900000000000001  topic: judger_task8f5d01ca-018d-426d-b72d-a4ebef63c19d
2021-10-11 16:15:40 [INFO] [/home/et/Desktop/Projects/unioj-judger/service/healthy/health.go:50] 心跳检测--判题器工作正常
2021-10-11 16:15:41 [INFO] [/home/et/Desktop/Projects/unioj-judger/service/healthy/health.go:68] 内存统计: 24.07  负载统计: 0.62  topic: judger_task8f5d01ca-018d-426d-b72d-a4ebef63c19d
2021-10-11 16:16:00 [INFO] [/home/et/Desktop/Projects/unioj-judger/service/healthy/health.go:50] 心跳检测--判题器工作正常
2021-10-11 16:16:01 [INFO] [/home/et/Desktop/Projects/unioj-judger/service/healthy/health.go:68] 内存统计: 24.07  负载统计: 0.88  topic: judger_task8f5d01ca-018d-426d-b72d-a4ebef63c19d
2021-10-11 16:16:40 [INFO] [/home/et/Desktop/Projects/unioj-judger/service/healthy/health.go:50] 心跳检测--判题器工作正常
2021-10-11 16:16:41 [INFO] [/home/et/Desktop/Projects/unioj-judger/service/healthy/health.go:68] 内存统计: 24.080000000000002  负载统计: 0.75  topic: judger_task8f5d01ca-018d-426d-b72d-a4ebef63c19d
2021-10-11 16:17:00 [INFO] [/home/et/Desktop/Projects/unioj-judger/service/healthy/health.go:50] 心跳检测--判题器工作正常
2021-10-11 16:17:01 [INFO] [/home/et/Desktop/Projects/unioj-judger/service/healthy/health.go:68] 内存统计: 24.07  负载统计: 1  topic: judger_task8f5d01ca-018d-426d-b72d-a4ebef63c19d
2021-10-11 16:17:40 [INFO] [/home/et/Desktop/Projects/unioj-judger/service/healthy/health.go:50] 心跳检测--判题器工作正常
2021-10-11 16:17:41 [INFO] [/home/et/Desktop/Projects/unioj-judger/service/healthy/health.go:68] 内存统计: 24.080000000000002  负载统计: 2.5100000000000002  topic: judger_task8f5d01ca-018d-426d-b72d-a4ebef63c19d
2021-10-11 16:18:00 [INFO] [/home/et/Desktop/Projects/unioj-judger/service/healthy/health.go:50] 心跳检测--判题器工作正常
2021-10-11 16:18:01 [INFO] [/home/et/Desktop/Projects/unioj-judger/service/healthy/health.go:68] 内存统计: 24.05  负载统计: 2.13  topic: judger_task8f5d01ca-018d-426d-b72d-a4ebef63c19d
2021-10-11 16:18:40 [INFO] [/home/et/Desktop/Projects/unioj-judger/service/healthy/health.go:50] 心跳检测--判题器工作正常
2021-10-11 16:18:41 [INFO] [/home/et/Desktop/Projects/unioj-judger/service/healthy/health.go:68] 内存统计: 24.05  负载统计: 1  topic: judger_task8f5d01ca-018d-426d-b72d-a4ebef63c19d
2021-10-11 16:19:00 [INFO] [/home/et/Desktop/Projects/unioj-judger/service/healthy/health.go:50] 心跳检测--判题器工作正常
2021-10-11 16:19:01 [INFO] [/home/et/Desktop/Projects/unioj-judger/service/healthy/health.go:68] 内存统计: 24.060000000000002  负载统计: 1.8800000000000001  topic: judger_task8f5d01ca-018d-426d-b72d-a4ebef63c19d
2021-10-11 16:19:40 [INFO] [/home/et/Desktop/Projects/unioj-judger/service/healthy/health.go:50] 心跳检测--判题器工作正常
2021-10-11 16:19:41 [INFO] [/home/et/Desktop/Projects/unioj-judger/service/healthy/health.go:68] 内存统计: 24.04  负载统计: 1.76  topic: judger_task8f5d01ca-018d-426d-b72d-a4ebef63c19d
2021-10-11 16:20:00 [INFO] [/home/et/Desktop/Projects/unioj-judger/service/healthy/health.go:50] 心跳检测--判题器工作正常
2021-10-11 16:20:01 [INFO] [/home/et/Desktop/Projects/unioj-judger/service/healthy/health.go:68] 内存统计: 24.04  负载统计: 0.62  topic: judger_task8f5d01ca-018d-426d-b72d-a4ebef63c19d
2021-10-11 16:20:40 [INFO] [/home/et/Desktop/Projects/unioj-judger/service/healthy/health.go:50] 心跳检测--判题器工作正常
2021-10-11 16:20:41 [INFO] [/home/et/Desktop/Projects/unioj-judger/service/healthy/health.go:68] 内存统计: 24.05  负载统计: 0.25  topic: judger_task8f5d01ca-018d-426d-b72d-a4ebef63c19d
2021-10-11 16:21:00 [INFO] [/home/et/Desktop/Projects/unioj-judger/service/healthy/health.go:50] 心跳检测--判题器工作正常
2021-10-11 16:21:01 [INFO] [/home/et/Desktop/Projects/unioj-judger/service/healthy/health.go:68] 内存统计: 24.05  负载统计: 0.75  topic: judger_task8f5d01ca-018d-426d-b72d-a4ebef63c19d
2021-10-11 16:21:40 [INFO] [/home/et/Desktop/Projects/unioj-judger/service/healthy/health.go:50] 心跳检测--判题器工作正常
2021-10-11 16:21:41 [INFO] [/home/et/Desktop/Projects/unioj-judger/service/healthy/health.go:68] 内存统计: 24.05  负载统计: 0.5  topic: judger_task8f5d01ca-018d-426d-b72d-a4ebef63c19d
2021-10-11 16:22:00 [INFO] [/home/et/Desktop/Projects/unioj-judger/service/healthy/health.go:50] 心跳检测--判题器工作正常
2021-10-11 16:22:01 [INFO] [/home/et/Desktop/Projects/unioj-judger/service/healthy/health.go:68] 内存统计: 24.05  负载统计: 0.87  topic: judger_task8f5d01ca-018d-426d-b72d-a4ebef63c19d
2021-10-11 16:22:40 [INFO] [/home/et/Desktop/Projects/unioj-judger/service/healthy/health.go:50] 心跳检测--判题器工作正常
2021-10-11 16:22:41 [INFO] [/home/et/Desktop/Projects/unioj-judger/service/healthy/health.go:68] 内存统计: 24.05  负载统计: 0.37  topic: judger_task8f5d01ca-018d-426d-b72d-a4ebef63c19d
2021-10-11 16:23:00 [INFO] [/home/et/Desktop/Projects/unioj-judger/service/healthy/health.go:50] 心跳检测--判题器工作正常
2021-10-11 16:23:01 [INFO] [/home/et/Desktop/Projects/unioj-judger/service/healthy/health.go:68] 内存统计: 24.05  负载统计: 0.37  topic: judger_task8f5d01ca-018d-426d-b72d-a4ebef63c19d
2021-10-11 16:23:40 [INFO] [/home/et/Desktop/Projects/unioj-judger/service/healthy/health.go:50] 心跳检测--判题器工作正常
2021-10-11 16:23:41 [INFO] [/home/et/Desktop/Projects/unioj-judger/service/healthy/health.go:68] 内存统计: 24.05  负载统计: 0.5  topic: judger_task8f5d01ca-018d-426d-b72d-a4ebef63c19d
2021-10-11 16:24:00 [INFO] [/home/et/Desktop/Projects/unioj-judger/service/healthy/health.go:50] 心跳检测--判题器工作正常
2021-10-11 16:24:01 [INFO] [/home/et/Desktop/Projects/unioj-judger/service/healthy/health.go:68] 内存统计: 24.05  负载统计: 0.62  topic: judger_task8f5d01ca-018d-426d-b72d-a4ebef63c19d
2021-10-11 16:24:40 [INFO] [/home/et/Desktop/Projects/unioj-judger/service/healthy/health.go:50] 心跳检测--判题器工作正常
2021-10-11 16:24:41 [INFO] [/home/et/Desktop/Projects/unioj-judger/service/healthy/health.go:68] 内存统计: 24.05  负载统计: 0.99  topic: judger_task8f5d01ca-018d-426d-b72d-a4ebef63c19d
2021-10-11 16:25:00 [INFO] [/home/et/Desktop/Projects/unioj-judger/service/healthy/health.go:50] 心跳检测--判题器工作正常
2021-10-11 16:25:01 [INFO] [/home/et/Desktop/Projects/unioj-judger/service/healthy/health.go:68] 内存统计: 24.060000000000002  负载统计: 0.37  topic: judger_task8f5d01ca-018d-426d-b72d-a4ebef63c19d
2021-10-11 16:25:40 [INFO] [/home/et/Desktop/Projects/unioj-judger/service/healthy/health.go:50] 心跳检测--判题器工作正常
2021-10-11 16:25:41 [INFO] [/home/et/Desktop/Projects/unioj-judger/service/healthy/health.go:68] 内存统计: 24.060000000000002  负载统计: 0.37  topic: judger_task8f5d01ca-018d-426d-b72d-a4ebef63c19d
2021-10-11 16:26:00 [INFO] [/home/et/Desktop/Projects/unioj-judger/service/healthy/health.go:50] 心跳检测--判题器工作正常
2021-10-11 16:26:01 [INFO] [/home/et/Desktop/Projects/unioj-judger/service/healthy/health.go:68] 内存统计: 24.060000000000002  负载统计: 0.37  topic: judger_task8f5d01ca-018d-426d-b72d-a4ebef63c19d
2021-10-11 16:26:40 [INFO] [/home/et/Desktop/Projects/unioj-judger/service/healthy/health.go:50] 心跳检测--判题器工作正常
2021-10-11 16:26:41 [INFO] [/home/et/Desktop/Projects/unioj-judger/service/healthy/health.go:68] 内存统计: 24.060000000000002  负载统计: 0.5  topic: judger_task8f5d01ca-018d-426d-b72d-a4ebef63c19d
2021-10-11 16:27:00 [INFO] [/home/et/Desktop/Projects/unioj-judger/service/healthy/health.go:50] 心跳检测--判题器工作正常
2021-10-11 16:27:01 [INFO] [/home/et/Desktop/Projects/unioj-judger/service/healthy/health.go:68] 内存统计: 24.060000000000002  负载统计: 0.5  topic: judger_task8f5d01ca-018d-426d-b72d-a4ebef63c19d
2021-10-11 16:27:41 [INFO] [/home/et/Desktop/Projects/unioj-judger/service/healthy/health.go:50] 心跳检测--判题器工作正常
2021-10-11 16:27:42 [INFO] [/home/et/Desktop/Projects/unioj-judger/service/healthy/health.go:68] 内存统计: 24.060000000000002  负载统计: 0.49  topic: judger_task8f5d01ca-018d-426d-b72d-a4ebef63c19d
2021-10-11 16:28:00 [INFO] [/home/et/Desktop/Projects/unioj-judger/service/healthy/health.go:50] 心跳检测--判题器工作正常
2021-10-11 16:28:01 [INFO] [/home/et/Desktop/Projects/unioj-judger/service/healthy/health.go:68] 内存统计: 24.060000000000002  负载统计: 0.62  topic: judger_task8f5d01ca-018d-426d-b72d-a4ebef63c19d
2021-10-11 16:28:40 [INFO] [/home/et/Desktop/Projects/unioj-judger/service/healthy/health.go:50] 心跳检测--判题器工作正常
2021-10-11 16:28:41 [INFO] [/home/et/Desktop/Projects/unioj-judger/service/healthy/health.go:68] 内存统计: 24.060000000000002  负载统计: 0.12  topic: judger_task8f5d01ca-018d-426d-b72d-a4ebef63c19d
2021-10-11 16:29:00 [INFO] [/home/et/Desktop/Projects/unioj-judger/service/healthy/health.go:50] 心跳检测--判题器工作正常
2021-10-11 16:29:01 [INFO] [/home/et/Desktop/Projects/unioj-judger/service/healthy/health.go:68] 内存统计: 24.05  负载统计: 0.37  topic: judger_task8f5d01ca-018d-426d-b72d-a4ebef63c19d
2021-10-11 16:29:41 [INFO] [/home/et/Desktop/Projects/unioj-judger/service/healthy/health.go:50] 心跳检测--判题器工作正常
2021-10-11 16:29:42 [INFO] [/home/et/Desktop/Projects/unioj-judger/service/healthy/health.go:68] 内存统计: 24.05  负载统计: 0.25  topic: judger_task8f5d01ca-018d-426d-b72d-a4ebef63c19d
2021-10-11 16:30:20 [INFO] [/home/et/Desktop/Projects/unioj-judger/service/healthy/health.go:50] 心跳检测--判题器工作正常
2021-10-11 16:30:21 [INFO] [/home/et/Desktop/Projects/unioj-judger/service/healthy/health.go:68] 内存统计: 24.060000000000002  负载统计: 0.62  topic: judger_task8f5d01ca-018d-426d-b72d-a4ebef63c19d
2021-10-11 17:26:10 [DEBG] [/home/et/Desktop/Projects/unioj-judger/service/log.go:13] Judgerloger初始化成功...
2021-10-11 17:26:10 [EROR] [/home/et/Desktop/Projects/unioj-judger/conf/initConf.go:54] [1] ERROR  获取server kafka配置信息失败...  Get "http://127.0.0.1:8000/api/utils/get_server_config?token=15e0426f224673a257b593323cab136f": dial tcp 127.0.0.1:8000: connect: connection refused
2021-10-11 17:26:10 [EROR] [/home/et/Desktop/Projects/unioj-judger/conf/initConf.go:55] [1] ERROR  请检查与服务器的连接...
2021-10-12 11:01:48 [DEBG] [/home/et/Desktop/Projects/unioj-judger/service/log.go:13] Judgerloger初始化成功...
2021-10-12 11:01:48 [DEBG] [/home/et/Desktop/Projects/unioj-judger/conf/initConf.go:75] [1] INFO  获取server kafka配置信息成功...
2021-10-12 11:01:48 [INFO] [/home/et/Desktop/Projects/unioj-judger/conf/initConf.go:77] 		(_1_)  kafka_host:       47.96.99.172:9092
2021-10-12 11:01:48 [INFO] [/home/et/Desktop/Projects/unioj-judger/conf/initConf.go:78] 		(_2_)  juger_task_topic: judger_task
2021-10-12 11:01:48 [INFO] [/home/et/Desktop/Projects/unioj-judger/conf/initConf.go:79] 		(_3_)  sql_host:         47.96.99.172:3306
2021-10-12 11:01:48 [INFO] [/home/et/Desktop/Projects/unioj-judger/conf/initConf.go:80] 		(_4_)  sql_user:         root
2021-10-12 11:01:48 [INFO] [/home/et/Desktop/Projects/unioj-judger/conf/initConf.go:81] 		(_5_)  sql_password:     Abc741258963.0
2021-10-12 11:01:48 [DEBG] [/home/et/Desktop/Projects/unioj-judger/service/mysql/mysql.go:21] [3] INFO:初始化连接mysql成功... 
2021-10-12 11:01:48 [DEBG] [/home/et/Desktop/Projects/unioj-judger/service/etcd.go:38] etcd连接成功...
2021-10-12 11:01:48 [DEBG] [/home/et/Desktop/Projects/unioj-judger/service/maintain.go:25] 定时删除任务启动成功...
2021-10-12 11:01:48 [DEBG] [/home/et/Desktop/Projects/unioj-judger/service/healthy/health.go:24] 注册判题器信息：externalIp 192.168.128.0:7999   topic:  judger_task8f5d01ca-018d-426d-b72d-a4ebef63c19d
2021-10-12 11:01:48 [DEBG] [/home/et/Desktop/Projects/unioj-judger/service/kafka.go:35] 新的topic:  judger_task6c16553b-86f3-42df-a929-df36b2d481af
2021-10-12 11:01:48 [INFO] [/home/et/Desktop/Projects/unioj-judger/service/kafka.go:46] kafka消费者启动中...
2021-10-12 11:01:48 [INFO] [/home/et/Desktop/Projects/unioj-judger/service/mysql/mysql.go:44] 查询已有判题器成功...  nums： 1
2021-10-12 11:01:48 [INFO] [/home/et/Desktop/Projects/unioj-judger/service/mysql/mysql.go:62] 更新判题器  192.168.128.0:7999  状态成功...
2021-10-12 11:01:48 [DEBG] [/home/et/Desktop/Projects/unioj-judger/run/run.go:59] judgeserver 启动成功...   监听：0.0.0.0:7999
